--- Sending Email ---
To: frenzy2242@gmail.com
Subject: Congratulations! You are Selected for the Next Round
✅ Success: Email sent to frenzy2242@gmail.com
--- Sending Email ---
To: frenzy2242@gmail.com
Subject: Congratulations! You are Selected for the Next Round
✅ Success: Email sent to frenzy2242@gmail.com
--- Sending Email ---
To: ray723260@gmail.com
Subject: Update on your application
✅ Success: Email sent to ray723260@gmail.com
--- Sending Email ---
To: kakartikkumar916@gmail.com
Subject: Update on your application
✅ Success: Email sent to kakartikkumar916@gmail.com
--- Sending Email ---
To: sharmashree750@gmail.com
Subject: Congratulations! You are Selected for the Next Round
✅ Success: Email sent to sharmashree750@gmail.com
--- Sending Email ---
To: frenzy2242@gmail.com
Subject: Next Step in Your Application Process: Invitation to AI Interview
✅ Success: Email sent to frenzy2242@gmail.com
--- Sending Email ---
To: ray723260@gmail.com
Subject: Next Step in Your Application Process: Invitation to AI Interview
✅ Success: Email sent to ray723260@gmail.com
--- Sending Email ---
To: kakartikkumar916@gmail.com
Subject: Update on your application
✅ Success: Email sent to kakartikkumar916@gmail.com
--- Sending Email ---
To: frenzy2242@gmail.com
Subject: Update on your application
✅ Success: Email sent to frenzy2242@gmail.com
--- Sending Email ---
To: frenzy2242@gmail.com
Subject: Next Step in Your Application Process: Invitation to AI Interview
✅ Success: Email sent to frenzy2242@gmail.com
--- Sending Email ---
To: frenzy2242@gmail.com
Subject: Congratulations! You are Selected for the Next Round
✅ Success: Email sent to frenzy2242@gmail.com
--- Sending Email ---
To: frenzy2242@gmail.com
Subject: Next Step in Your Application Process: Invitation to AI Interview
✅ Success: Email sent to frenzy2242@gmail.com
--- Sending Email ---
To: ray723260@gmail.com
Subject: Next Step in Your Application Process: Invitation to AI Interview
✅ Success: Email sent to ray723260@gmail.com
--- Sending Email ---
To: kakartikkumar916@gmail.com
Subject: Update on your application
✅ Success: Email sent to kakartikkumar916@gmail.com
--- Sending Email ---
To: frenzy2242@gmail.com
Subject: Next Step in Your Application Process: Invitation to AI Interview
✅ Success: Email sent to frenzy2242@gmail.com
--- Sending Email ---
To: frenzy2242@gmail.com
Subject: Congratulations! You are Selected for the Next Round
✅ Success: Email sent to frenzy2242@gmail.com
--- Sending Email ---
To: sharmashree750@gmail.com
Subject: Next Step in Your Application Process: Invitation to AI Interview
✅ Success: Email sent to sharmashree750@gmail.com
--- Sending Email ---
To: sharmashree750@gmail.com
Subject: Update on your application
✅ Success: Email sent to sharmashree750@gmail.com
--- Sending Email ---
To: ray723260@gmail.com
Subject: Update on your application
✅ Success: Email sent to ray723260@gmail.com
--- Sending Email ---
To: kakartikkumar916@gmail.com
Subject: Update on your application
✅ Success: Email sent to kakartikkumar916@gmail.com
--- Sending Email ---
To: frenzy2242@gmail.com
Subject: Next Step in Your Application Process: Invitation to AI Interview
✅ Success: Email sent to frenzy2242@gmail.com
--- Sending Email ---
To: frenzy2242@gmail.com
Subject: Next Step in Your Application Process: Invitation to AI Interview
✅ Success: Email sent to frenzy2242@gmail.com
--- Sending Email ---
To: frenzy2242@gmail.com
Subject: Next Step in Your Application Process: Invitation to AI Interview
✅ Success: Email sent to frenzy2242@gmail.com
--- Sending Email ---
To: sharmashree750@gmail.com
Subject: Congratulations! You are Selected for the Next Round
--- Sending Email ---
To: ray723260@gmail.com
Subject: Congratulations! You are Selected for the Next Round
✅ Success: Email sent to sharmashree750@gmail.com
--- Sending Email ---
To: ray723260@gmail.com
Subject: Congratulations! You are Selected for the Next Round
✅ Success: Email sent to ray723260@gmail.com
✅ Success: Email sent to ray723260@gmail.com
--- Sending Email ---
To: kakartikkumar916@gmail.com
Subject: Update on your application
✅ Success: Email sent to kakartikkumar916@gmail.com
--- Sending Email ---
To: frenzy2242@gmail.com
Subject: Update on your application
✅ Success: Email sent to frenzy2242@gmail.com
--- Sending Email ---
To: sharmashree750@gmail.com
Subject: Next Step in Your Application Process: Invitation to AI Interview
--- Sending Email ---
To: frenzy2242@gmail.com
Subject: Next Step in Your Application Process: Invitation to AI Interview
✅ Success: Email sent to sharmashree750@gmail.com
--- Sending Email ---
To: ray723260@gmail.com
Subject: Next Step in Your Application Process: Invitation to AI Interview
✅ Success: Email sent to frenzy2242@gmail.com
✅ Success: Email sent to ray723260@gmail.com
--- Sending Email ---
To: kakartikkumar916@gmail.com
Subject: Update on your application
✅ Success: Email sent to kakartikkumar916@gmail.com
