t=2026-01-21T00:05:24+0530 lvl=info msg="open config file" path=C:\\Users\\shres\\AppData\\Local\\ngrok\\ngrok.yml err=nil
t=2026-01-21T00:05:24+0530 lvl=info msg="open config file" path=D:\\ai-resume\\resume-matcher-main\\ngrok-tunnels.yml err=nil
t=2026-01-21T00:05:24+0530 lvl=info msg="FIPS 140 mode" enabled=false
t=2026-01-21T00:05:24+0530 lvl=info msg="starting web service" obj=web addr=127.0.0.1:4040 allow_hosts=[]
t=2026-01-21T00:05:25+0530 lvl=info msg="client session established" obj=tunnels.session
t=2026-01-21T00:05:25+0530 lvl=info msg="tunnel session started" obj=tunnels.session
t=2026-01-21T00:05:25+0530 lvl=info msg="started tunnel" obj=tunnels name=frontend addr=http://localhost:3000 url=https://lorelai-monozygotic-harder.ngrok-free.dev
t=2026-01-21T00:05:31+0530 lvl=info msg=start pg=/api/tunnels id=53b4b925d98493bd
t=2026-01-21T00:05:31+0530 lvl=info msg=end pg=/api/tunnels id=53b4b925d98493bd status=200 dur=0s
t=2026-01-21T00:05:45+0530 lvl=warn msg="failed to open private leg" id=211a40531b8c privaddr=localhost:3000 err="dial tcp [::1]:3000: connectex: No connection could be made because the target machine actively refused it."
t=2026-01-21T00:06:59+0530 lvl=info msg="join connections" obj=join id=ebb4d60e6e80 l=[::1]:3000 r=[2405:201:3039:b043:2447:8c5c:abd6:4074]:58195
t=2026-01-21T00:07:00+0530 lvl=info msg="join connections" obj=join id=1d3c1a07158e l=[::1]:3000 r=[2405:201:3039:b043:2447:8c5c:abd6:4074]:58195
t=2026-01-21T00:07:00+0530 lvl=info msg="join connections" obj=join id=313a60d706f7 l=[::1]:3000 r=[2405:201:3039:b043:2447:8c5c:abd6:4074]:58195
t=2026-01-21T00:07:00+0530 lvl=info msg="join connections" obj=join id=c5dfea2a97d1 l=[::1]:3000 r=[2405:201:3039:b043:2447:8c5c:abd6:4074]:58195
t=2026-01-21T00:07:00+0530 lvl=info msg="join connections" obj=join id=f06407096cf1 l=[::1]:3000 r=[2405:201:3039:b043:2447:8c5c:abd6:4074]:58195
t=2026-01-21T00:07:00+0530 lvl=info msg="join connections" obj=join id=a33e57ef032e l=[::1]:3000 r=[2405:201:3039:b043:2447:8c5c:abd6:4074]:58195
t=2026-01-21T00:07:00+0530 lvl=info msg="join connections" obj=join id=37a228f4a6d8 l=[::1]:3000 r=[2405:201:3039:b043:2447:8c5c:abd6:4074]:58195
t=2026-01-21T00:07:00+0530 lvl=info msg="join connections" obj=join id=127f5af38103 l=[::1]:3000 r=[2405:201:3039:b043:2447:8c5c:abd6:4074]:58195
t=2026-01-21T00:07:00+0530 lvl=info msg="join connections" obj=join id=75110f7a4f99 l=[::1]:3000 r=[2405:201:3039:b043:2447:8c5c:abd6:4074]:58195
t=2026-01-21T00:07:00+0530 lvl=info msg="join connections" obj=join id=7280139aed97 l=[::1]:3000 r=[2405:201:3039:b043:2447:8c5c:abd6:4074]:58195
t=2026-01-21T00:07:00+0530 lvl=info msg="join connections" obj=join id=4c7f2a6729e7 l=[::1]:3000 r=[2405:201:3039:b043:2447:8c5c:abd6:4074]:58195
t=2026-01-21T00:07:00+0530 lvl=info msg="join connections" obj=join id=c31b05643b03 l=[::1]:3000 r=[2405:201:3039:b043:2447:8c5c:abd6:4074]:58195
t=2026-01-21T00:07:00+0530 lvl=info msg="join connections" obj=join id=772daef6a48b l=[::1]:3000 r=[2405:201:3039:b043:2447:8c5c:abd6:4074]:58195
t=2026-01-21T00:07:00+0530 lvl=info msg="join connections" obj=join id=adb0cb2b3b0e l=[::1]:3000 r=[2405:201:3039:b043:2447:8c5c:abd6:4074]:58195
t=2026-01-21T00:07:00+0530 lvl=info msg="join connections" obj=join id=e91405bf20a5 l=[::1]:3000 r=[2405:201:3039:b043:2447:8c5c:abd6:4074]:58195
t=2026-01-21T00:07:00+0530 lvl=info msg="join connections" obj=join id=d440814e27b9 l=[::1]:3000 r=[2405:201:3039:b043:2447:8c5c:abd6:4074]:58195
t=2026-01-21T00:07:00+0530 lvl=info msg="join connections" obj=join id=f0bce8eb188f l=[::1]:3000 r=[2405:201:3039:b043:2447:8c5c:abd6:4074]:58195
t=2026-01-21T00:07:00+0530 lvl=info msg="join connections" obj=join id=3d63dd7afc6e l=[::1]:3000 r=[2405:201:3039:b043:2447:8c5c:abd6:4074]:58195
t=2026-01-21T00:07:00+0530 lvl=info msg="join connections" obj=join id=e1e6c8231de5 l=[::1]:3000 r=[2405:201:3039:b043:2447:8c5c:abd6:4074]:58195
t=2026-01-21T00:07:00+0530 lvl=info msg="join connections" obj=join id=d7316f356417 l=[::1]:3000 r=[2405:201:3039:b043:2447:8c5c:abd6:4074]:58195
t=2026-01-21T00:07:00+0530 lvl=info msg="join connections" obj=join id=d35efebbd84c l=[::1]:3000 r=[2405:201:3039:b043:2447:8c5c:abd6:4074]:58195
t=2026-01-21T00:07:00+0530 lvl=info msg="join connections" obj=join id=8081ecc0198a l=[::1]:3000 r=[2405:201:3039:b043:2447:8c5c:abd6:4074]:58195
t=2026-01-21T00:07:00+0530 lvl=info msg="join connections" obj=join id=3a04dc6a9b3c l=[::1]:3000 r=[2405:201:3039:b043:2447:8c5c:abd6:4074]:62346
t=2026-01-21T00:07:45+0530 lvl=info msg="join connections" obj=join id=221e6d18c089 l=[::1]:3000 r=[2405:201:3039:b043:2447:8c5c:abd6:4074]:58195
t=2026-01-21T00:07:45+0530 lvl=info msg="join connections" obj=join id=11e4a220fa53 l=[::1]:3000 r=[2405:201:3039:b043:2447:8c5c:abd6:4074]:58195
t=2026-01-21T00:07:45+0530 lvl=info msg="join connections" obj=join id=b0ffea14226c l=[::1]:3000 r=[2405:201:3039:b043:2447:8c5c:abd6:4074]:58195
t=2026-01-21T00:07:45+0530 lvl=info msg="join connections" obj=join id=95ea368d7fa0 l=[::1]:3000 r=[2405:201:3039:b043:2447:8c5c:abd6:4074]:58195
t=2026-01-21T00:07:45+0530 lvl=info msg="join connections" obj=join id=a0679f531d58 l=[::1]:3000 r=[2405:201:3039:b043:2447:8c5c:abd6:4074]:58195
t=2026-01-21T00:07:45+0530 lvl=info msg="join connections" obj=join id=2fba9d0bb791 l=[::1]:3000 r=[2405:201:3039:b043:2447:8c5c:abd6:4074]:58195
t=2026-01-21T00:07:45+0530 lvl=info msg="join connections" obj=join id=2d3b9f7fff24 l=[::1]:3000 r=[2405:201:3039:b043:2447:8c5c:abd6:4074]:58195
t=2026-01-21T00:07:45+0530 lvl=info msg="join connections" obj=join id=69e486e7799d l=[::1]:3000 r=[2405:201:3039:b043:2447:8c5c:abd6:4074]:58195
t=2026-01-21T00:07:45+0530 lvl=info msg="join connections" obj=join id=bf9ee93499d0 l=[::1]:3000 r=[2405:201:3039:b043:2447:8c5c:abd6:4074]:58195
t=2026-01-21T00:07:45+0530 lvl=info msg="join connections" obj=join id=7bc2f206d4f2 l=[::1]:3000 r=[2405:201:3039:b043:2447:8c5c:abd6:4074]:58195
t=2026-01-21T00:07:45+0530 lvl=info msg="join connections" obj=join id=a505d4ff0980 l=[::1]:3000 r=[2405:201:3039:b043:2447:8c5c:abd6:4074]:58195
t=2026-01-21T00:07:45+0530 lvl=info msg="join connections" obj=join id=1767446d1705 l=[::1]:3000 r=[2405:201:3039:b043:2447:8c5c:abd6:4074]:58195
t=2026-01-21T00:07:45+0530 lvl=info msg="join connections" obj=join id=efa5e3c3b45f l=[::1]:3000 r=[2405:201:3039:b043:2447:8c5c:abd6:4074]:58195
t=2026-01-21T00:07:45+0530 lvl=info msg="join connections" obj=join id=2fc7d59dea58 l=[::1]:3000 r=[2405:201:3039:b043:2447:8c5c:abd6:4074]:58195
t=2026-01-21T00:07:45+0530 lvl=info msg="join connections" obj=join id=aa52b93af313 l=[::1]:3000 r=[2405:201:3039:b043:2447:8c5c:abd6:4074]:58195
t=2026-01-21T00:07:45+0530 lvl=info msg="join connections" obj=join id=5b750e096deb l=[::1]:3000 r=[2405:201:3039:b043:2447:8c5c:abd6:4074]:58195
t=2026-01-21T00:07:45+0530 lvl=info msg="join connections" obj=join id=ae1537fed8c4 l=[::1]:3000 r=[2405:201:3039:b043:2447:8c5c:abd6:4074]:58195
t=2026-01-21T00:07:45+0530 lvl=info msg="join connections" obj=join id=36069d3be43b l=[::1]:3000 r=[2405:201:3039:b043:2447:8c5c:abd6:4074]:58195
t=2026-01-21T00:07:45+0530 lvl=info msg="join connections" obj=join id=2832f47fe701 l=[::1]:3000 r=[2405:201:3039:b043:2447:8c5c:abd6:4074]:58195
t=2026-01-21T00:07:45+0530 lvl=info msg="join connections" obj=join id=0cdf6f30b704 l=[::1]:3000 r=[2405:201:3039:b043:2447:8c5c:abd6:4074]:58195
t=2026-01-21T00:07:45+0530 lvl=info msg="join connections" obj=join id=d8a05c1f0081 l=[::1]:3000 r=[2405:201:3039:b043:2447:8c5c:abd6:4074]:58195
t=2026-01-21T00:07:45+0530 lvl=info msg="join connections" obj=join id=17ee37446c8a l=[::1]:3000 r=[2405:201:3039:b043:2447:8c5c:abd6:4074]:58195
t=2026-01-21T00:07:45+0530 lvl=info msg="join connections" obj=join id=af42e7c40fed l=[::1]:3000 r=[2405:201:3039:b043:2447:8c5c:abd6:4074]:55780
t=2026-01-21T00:08:47+0530 lvl=info msg="join connections" obj=join id=cb966a193781 l=[::1]:3000 r=[2402:8100:26e3:268f:e8fa:a0ee:1ae4:fbe1]:65466
t=2026-01-21T00:08:47+0530 lvl=info msg="join connections" obj=join id=3bd9c1274217 l=[::1]:3000 r=[2402:8100:26e3:268f:e8fa:a0ee:1ae4:fbe1]:65466
t=2026-01-21T00:08:47+0530 lvl=info msg="join connections" obj=join id=1c68e82fa5c5 l=[::1]:3000 r=[2402:8100:26e3:268f:e8fa:a0ee:1ae4:fbe1]:65466
t=2026-01-21T00:08:47+0530 lvl=info msg="join connections" obj=join id=b7a15843e8ce l=[::1]:3000 r=[2402:8100:26e3:268f:e8fa:a0ee:1ae4:fbe1]:65466
t=2026-01-21T00:08:48+0530 lvl=info msg="join connections" obj=join id=3a3d1538e1a5 l=[::1]:3000 r=[2402:8100:26e3:268f:e8fa:a0ee:1ae4:fbe1]:65466
t=2026-01-21T00:08:48+0530 lvl=info msg="join connections" obj=join id=967622c82439 l=[::1]:3000 r=[2402:8100:26e3:268f:e8fa:a0ee:1ae4:fbe1]:65466
t=2026-01-21T00:08:48+0530 lvl=info msg="join connections" obj=join id=625181055dec l=[::1]:3000 r=[2402:8100:26e3:268f:e8fa:a0ee:1ae4:fbe1]:65466
t=2026-01-21T00:08:48+0530 lvl=info msg="join connections" obj=join id=633d70c4623d l=[::1]:3000 r=[2402:8100:26e3:268f:e8fa:a0ee:1ae4:fbe1]:65466
t=2026-01-21T00:08:48+0530 lvl=info msg="join connections" obj=join id=70dd466118f4 l=[::1]:3000 r=[2402:8100:26e3:268f:e8fa:a0ee:1ae4:fbe1]:65466
t=2026-01-21T00:08:48+0530 lvl=info msg="join connections" obj=join id=bd6bac6a27b2 l=[::1]:3000 r=[2402:8100:26e3:268f:e8fa:a0ee:1ae4:fbe1]:65466
t=2026-01-21T00:08:48+0530 lvl=info msg="join connections" obj=join id=55aa6d9b50a9 l=[::1]:3000 r=[2402:8100:26e3:268f:e8fa:a0ee:1ae4:fbe1]:65466
t=2026-01-21T00:08:48+0530 lvl=info msg="join connections" obj=join id=c4059d9a0a87 l=[::1]:3000 r=[2402:8100:26e3:268f:e8fa:a0ee:1ae4:fbe1]:65466
t=2026-01-21T00:08:48+0530 lvl=info msg="join connections" obj=join id=7148e9e72eb9 l=[::1]:3000 r=[2402:8100:26e3:268f:e8fa:a0ee:1ae4:fbe1]:65466
t=2026-01-21T00:08:48+0530 lvl=info msg="join connections" obj=join id=75fb178df0a9 l=[::1]:3000 r=[2402:8100:26e3:268f:e8fa:a0ee:1ae4:fbe1]:65466
t=2026-01-21T00:08:48+0530 lvl=info msg="join connections" obj=join id=162cf3ecb1ba l=[::1]:3000 r=[2402:8100:26e3:268f:e8fa:a0ee:1ae4:fbe1]:65466
t=2026-01-21T00:08:48+0530 lvl=info msg="join connections" obj=join id=e607dc957b1c l=[::1]:3000 r=[2402:8100:26e3:268f:e8fa:a0ee:1ae4:fbe1]:65466
t=2026-01-21T00:08:48+0530 lvl=info msg="join connections" obj=join id=26d0bf1a83fe l=[::1]:3000 r=[2402:8100:26e3:268f:e8fa:a0ee:1ae4:fbe1]:65466
t=2026-01-21T00:08:48+0530 lvl=info msg="join connections" obj=join id=059bac5d508b l=[::1]:3000 r=[2402:8100:26e3:268f:e8fa:a0ee:1ae4:fbe1]:65466
t=2026-01-21T00:08:48+0530 lvl=info msg="join connections" obj=join id=7ec09f416b9e l=[::1]:3000 r=[2402:8100:26e3:268f:e8fa:a0ee:1ae4:fbe1]:65466
t=2026-01-21T00:08:48+0530 lvl=info msg="join connections" obj=join id=86fe0d646649 l=[::1]:3000 r=[2402:8100:26e3:268f:e8fa:a0ee:1ae4:fbe1]:65466
t=2026-01-21T00:08:48+0530 lvl=info msg="join connections" obj=join id=caa8951ead72 l=[::1]:3000 r=[2402:8100:26e3:268f:e8fa:a0ee:1ae4:fbe1]:65466
t=2026-01-21T00:08:48+0530 lvl=info msg="join connections" obj=join id=ad2a4438af75 l=[::1]:3000 r=[2402:8100:26e3:268f:e8fa:a0ee:1ae4:fbe1]:65466
t=2026-01-21T00:08:49+0530 lvl=info msg="join connections" obj=join id=32132f846256 l=[::1]:3000 r=[2402:8100:26e3:268f:e8fa:a0ee:1ae4:fbe1]:56613
t=2026-01-21T00:08:59+0530 lvl=info msg="join connections" obj=join id=62e0994d561c l=[::1]:3000 r=[2402:8100:26e3:268f:e8fa:a0ee:1ae4:fbe1]:65466
t=2026-01-21T00:08:59+0530 lvl=info msg="join connections" obj=join id=e2d95d0fe2dd l=[::1]:3000 r=[2402:8100:26e3:268f:e8fa:a0ee:1ae4:fbe1]:65466
t=2026-01-21T00:08:59+0530 lvl=info msg="join connections" obj=join id=c4da13f1d96d l=[::1]:3000 r=[2402:8100:26e3:268f:e8fa:a0ee:1ae4:fbe1]:65466
t=2026-01-21T00:12:15+0530 lvl=info msg="join connections" obj=join id=13ea236c1763 l=[::1]:3000 r=[2402:8100:26e3:268f:e8fa:a0ee:1ae4:fbe1]:65466
t=2026-01-21T00:12:24+0530 lvl=info msg="join connections" obj=join id=fa97b3b935e4 l=[::1]:3000 r=[2402:8100:26e3:268f:e8fa:a0ee:1ae4:fbe1]:65466
t=2026-01-21T00:12:25+0530 lvl=info msg="join connections" obj=join id=316348b6837b l=[::1]:3000 r=[2402:8100:26e3:268f:e8fa:a0ee:1ae4:fbe1]:65466
t=2026-01-21T00:12:26+0530 lvl=info msg="join connections" obj=join id=f4509d13c867 l=[::1]:3000 r=[2402:8100:26e3:268f:e8fa:a0ee:1ae4:fbe1]:65466
t=2026-01-21T00:12:27+0530 lvl=info msg="join connections" obj=join id=2f0c379e8283 l=[::1]:3000 r=[2402:8100:26e3:268f:e8fa:a0ee:1ae4:fbe1]:65466
t=2026-01-21T00:12:28+0530 lvl=info msg="join connections" obj=join id=e2824c313aa1 l=[::1]:3000 r=[2402:8100:26e3:268f:e8fa:a0ee:1ae4:fbe1]:65466
t=2026-01-21T00:12:29+0530 lvl=info msg="join connections" obj=join id=7ac88b0e1d28 l=[::1]:3000 r=[2402:8100:26e3:268f:e8fa:a0ee:1ae4:fbe1]:65466
t=2026-01-21T00:12:30+0530 lvl=info msg="join connections" obj=join id=3b86759be370 l=[::1]:3000 r=[2402:8100:26e3:268f:e8fa:a0ee:1ae4:fbe1]:65466
t=2026-01-21T00:12:31+0530 lvl=info msg="join connections" obj=join id=d3eacd169c46 l=[::1]:3000 r=[2402:8100:26e3:268f:e8fa:a0ee:1ae4:fbe1]:65466
t=2026-01-21T00:12:32+0530 lvl=info msg="join connections" obj=join id=71eae6b768bb l=[::1]:3000 r=[2402:8100:26e3:268f:e8fa:a0ee:1ae4:fbe1]:65466
t=2026-01-21T00:12:33+0530 lvl=info msg="join connections" obj=join id=29f3cd36cb74 l=[::1]:3000 r=[2402:8100:26e3:268f:e8fa:a0ee:1ae4:fbe1]:65466
t=2026-01-21T00:12:34+0530 lvl=info msg="join connections" obj=join id=af77a6dc4067 l=[::1]:3000 r=[2402:8100:26e3:268f:e8fa:a0ee:1ae4:fbe1]:65466
t=2026-01-21T00:12:35+0530 lvl=info msg="join connections" obj=join id=feac03ab3cf2 l=[::1]:3000 r=[2402:8100:26e3:268f:e8fa:a0ee:1ae4:fbe1]:65466
t=2026-01-21T00:12:36+0530 lvl=info msg="join connections" obj=join id=dffed7203198 l=[::1]:3000 r=[2402:8100:26e3:268f:e8fa:a0ee:1ae4:fbe1]:65466
t=2026-01-21T00:12:37+0530 lvl=info msg="join connections" obj=join id=7ca25ac0c1e4 l=[::1]:3000 r=[2402:8100:26e3:268f:e8fa:a0ee:1ae4:fbe1]:65466
t=2026-01-21T00:12:38+0530 lvl=info msg="join connections" obj=join id=17b13a9fcdc6 l=[::1]:3000 r=[2402:8100:26e3:268f:e8fa:a0ee:1ae4:fbe1]:65466
t=2026-01-21T00:12:39+0530 lvl=info msg="join connections" obj=join id=b0dfef766591 l=[::1]:3000 r=[2402:8100:26e3:268f:e8fa:a0ee:1ae4:fbe1]:65466
t=2026-01-21T00:12:40+0530 lvl=info msg="join connections" obj=join id=514ac1f46eea l=[::1]:3000 r=[2402:8100:26e3:268f:e8fa:a0ee:1ae4:fbe1]:65466
t=2026-01-21T00:12:41+0530 lvl=info msg="join connections" obj=join id=3d186a419f02 l=[::1]:3000 r=[2402:8100:26e3:268f:e8fa:a0ee:1ae4:fbe1]:65466
t=2026-01-21T00:12:42+0530 lvl=info msg="join connections" obj=join id=7791dd2072cc l=[::1]:3000 r=[2402:8100:26e3:268f:e8fa:a0ee:1ae4:fbe1]:65466
t=2026-01-21T00:12:44+0530 lvl=info msg="join connections" obj=join id=84bd91ba0545 l=[::1]:3000 r=[2402:8100:26e3:268f:e8fa:a0ee:1ae4:fbe1]:65466
t=2026-01-21T00:12:45+0530 lvl=info msg="join connections" obj=join id=81f38bbe68d1 l=[::1]:3000 r=[2402:8100:26e3:268f:e8fa:a0ee:1ae4:fbe1]:65466
t=2026-01-21T00:12:47+0530 lvl=info msg="join connections" obj=join id=cf2625186e16 l=[::1]:3000 r=[2402:8100:26e3:268f:e8fa:a0ee:1ae4:fbe1]:65466
t=2026-01-21T00:12:47+0530 lvl=info msg="join connections" obj=join id=8b8a5b224689 l=[::1]:3000 r=[2402:8100:26e3:268f:e8fa:a0ee:1ae4:fbe1]:65466
t=2026-01-21T00:12:47+0530 lvl=info msg="join connections" obj=join id=9a35a25bbbe2 l=[::1]:3000 r=[2402:8100:26e3:268f:e8fa:a0ee:1ae4:fbe1]:65466
t=2026-01-21T00:12:48+0530 lvl=info msg="join connections" obj=join id=9d88b95145e9 l=[::1]:3000 r=[2402:8100:26e3:268f:e8fa:a0ee:1ae4:fbe1]:65466
t=2026-01-21T00:12:49+0530 lvl=info msg="join connections" obj=join id=4932e18634ca l=[::1]:3000 r=[2402:8100:26e3:268f:e8fa:a0ee:1ae4:fbe1]:65466
t=2026-01-21T00:12:50+0530 lvl=info msg="join connections" obj=join id=0f24fcc41bcb l=[::1]:3000 r=[2402:8100:26e3:268f:e8fa:a0ee:1ae4:fbe1]:65466
t=2026-01-21T00:12:51+0530 lvl=info msg="join connections" obj=join id=665e049f228f l=[::1]:3000 r=[2402:8100:26e3:268f:e8fa:a0ee:1ae4:fbe1]:65466
t=2026-01-21T00:12:52+0530 lvl=info msg="join connections" obj=join id=bd400fa057b0 l=[::1]:3000 r=[2402:8100:26e3:268f:e8fa:a0ee:1ae4:fbe1]:65466
t=2026-01-21T00:12:53+0530 lvl=info msg="join connections" obj=join id=33ee98db0acf l=[::1]:3000 r=[2402:8100:26e3:268f:e8fa:a0ee:1ae4:fbe1]:65466
t=2026-01-21T00:12:54+0530 lvl=info msg="join connections" obj=join id=5b438a5f74c4 l=[::1]:3000 r=[2402:8100:26e3:268f:e8fa:a0ee:1ae4:fbe1]:65466
t=2026-01-21T00:12:55+0530 lvl=info msg="join connections" obj=join id=6b53138d9879 l=[::1]:3000 r=[2402:8100:26e3:268f:e8fa:a0ee:1ae4:fbe1]:65466
t=2026-01-21T00:12:56+0530 lvl=info msg="join connections" obj=join id=447e789fe05b l=[::1]:3000 r=[2402:8100:26e3:268f:e8fa:a0ee:1ae4:fbe1]:65466
t=2026-01-21T00:12:59+0530 lvl=info msg="join connections" obj=join id=691fac110d52 l=[::1]:3000 r=[2402:8100:26e3:268f:e8fa:a0ee:1ae4:fbe1]:65466
t=2026-01-21T00:13:48+0530 lvl=info msg="join connections" obj=join id=1847c96e4a5c l=[::1]:3000 r=[2402:8100:26e3:268f:e8fa:a0ee:1ae4:fbe1]:65466
t=2026-01-21T00:13:48+0530 lvl=info msg="join connections" obj=join id=11297b699d26 l=[::1]:3000 r=[2402:8100:26e3:268f:e8fa:a0ee:1ae4:fbe1]:65466
t=2026-01-21T00:13:50+0530 lvl=info msg="join connections" obj=join id=587dc854d40b l=[::1]:3000 r=[2402:8100:26e3:268f:e8fa:a0ee:1ae4:fbe1]:65466
t=2026-01-21T00:13:51+0530 lvl=info msg="join connections" obj=join id=9a373f12709c l=[::1]:3000 r=[2402:8100:26e3:268f:e8fa:a0ee:1ae4:fbe1]:65466
t=2026-01-21T00:13:53+0530 lvl=info msg="join connections" obj=join id=3ae4b7661085 l=[::1]:3000 r=[2402:8100:26e3:268f:e8fa:a0ee:1ae4:fbe1]:65466
t=2026-01-21T00:13:53+0530 lvl=info msg="join connections" obj=join id=cd209c7467e7 l=[::1]:3000 r=[2402:8100:26e3:268f:e8fa:a0ee:1ae4:fbe1]:65466
t=2026-01-21T00:14:01+0530 lvl=info msg="join connections" obj=join id=3ca526b20818 l=[::1]:3000 r=[2402:8100:26e3:268f:e8fa:a0ee:1ae4:fbe1]:65466
t=2026-01-21T00:14:01+0530 lvl=info msg="join connections" obj=join id=ce13084d0126 l=[::1]:3000 r=[2402:8100:26e3:268f:e8fa:a0ee:1ae4:fbe1]:65466
t=2026-01-21T00:14:04+0530 lvl=info msg="join connections" obj=join id=51ae065a17f0 l=[::1]:3000 r=[2402:8100:26e3:268f:e8fa:a0ee:1ae4:fbe1]:65466
t=2026-01-21T00:14:07+0530 lvl=info msg="join connections" obj=join id=d5d5a1b7d445 l=[::1]:3000 r=[2402:8100:26e3:268f:e8fa:a0ee:1ae4:fbe1]:65466
t=2026-01-21T00:14:09+0530 lvl=info msg="join connections" obj=join id=1e6d40e22c70 l=[::1]:3000 r=[2402:8100:26e3:268f:e8fa:a0ee:1ae4:fbe1]:65466
t=2026-01-21T00:14:09+0530 lvl=info msg="join connections" obj=join id=3394ae12d2ca l=[::1]:3000 r=[2402:8100:26e3:268f:e8fa:a0ee:1ae4:fbe1]:65466
t=2026-01-21T00:14:40+0530 lvl=info msg="join connections" obj=join id=0aee229a0731 l=[::1]:3000 r=[2402:8100:26e3:268f:e8fa:a0ee:1ae4:fbe1]:65466
t=2026-01-21T00:15:05+0530 lvl=info msg="join connections" obj=join id=74710b9704c7 l=[::1]:3000 r=[2402:8100:26e3:268f:e8fa:a0ee:1ae4:fbe1]:65466
t=2026-01-21T00:15:12+0530 lvl=info msg="join connections" obj=join id=bcc3175a0f8a l=[::1]:3000 r=[2402:8100:26e3:268f:e8fa:a0ee:1ae4:fbe1]:65466
t=2026-01-21T00:15:13+0530 lvl=info msg="join connections" obj=join id=46605b5e0308 l=[::1]:3000 r=[2402:8100:26e3:268f:e8fa:a0ee:1ae4:fbe1]:65466
t=2026-01-21T00:15:14+0530 lvl=info msg="join connections" obj=join id=a0dd0af3a68f l=[::1]:3000 r=[2402:8100:26e3:268f:e8fa:a0ee:1ae4:fbe1]:65466
t=2026-01-21T00:15:15+0530 lvl=info msg="join connections" obj=join id=bc46cdfaa38a l=[::1]:3000 r=[2402:8100:26e3:268f:e8fa:a0ee:1ae4:fbe1]:65466
t=2026-01-21T00:15:16+0530 lvl=info msg="join connections" obj=join id=d3b792ef0824 l=[::1]:3000 r=[2402:8100:26e3:268f:e8fa:a0ee:1ae4:fbe1]:65466
t=2026-01-21T00:15:17+0530 lvl=info msg="join connections" obj=join id=8803bf107ee5 l=[::1]:3000 r=[2402:8100:26e3:268f:e8fa:a0ee:1ae4:fbe1]:65466
t=2026-01-21T00:15:18+0530 lvl=info msg="join connections" obj=join id=815ecc80f9a4 l=[::1]:3000 r=[2402:8100:26e3:268f:e8fa:a0ee:1ae4:fbe1]:65466
t=2026-01-21T00:15:19+0530 lvl=info msg="join connections" obj=join id=cc38aab38735 l=[::1]:3000 r=[2402:8100:26e3:268f:e8fa:a0ee:1ae4:fbe1]:65466
t=2026-01-21T00:15:20+0530 lvl=info msg="join connections" obj=join id=a268d182a4e9 l=[::1]:3000 r=[2402:8100:26e3:268f:e8fa:a0ee:1ae4:fbe1]:65466
t=2026-01-21T00:15:21+0530 lvl=info msg="join connections" obj=join id=b3efc4affb85 l=[::1]:3000 r=[2402:8100:26e3:268f:e8fa:a0ee:1ae4:fbe1]:65466
t=2026-01-21T00:15:22+0530 lvl=info msg="join connections" obj=join id=e49c0c4f69a3 l=[::1]:3000 r=[2402:8100:26e3:268f:e8fa:a0ee:1ae4:fbe1]:65466
t=2026-01-21T00:15:23+0530 lvl=info msg="join connections" obj=join id=df40c2adcab8 l=[::1]:3000 r=[2402:8100:26e3:268f:e8fa:a0ee:1ae4:fbe1]:65466
t=2026-01-21T00:15:24+0530 lvl=info msg="join connections" obj=join id=d0973e7784c3 l=[::1]:3000 r=[2402:8100:26e3:268f:e8fa:a0ee:1ae4:fbe1]:65466
t=2026-01-21T00:15:25+0530 lvl=info msg="join connections" obj=join id=310634bb1afb l=[::1]:3000 r=[2402:8100:26e3:268f:e8fa:a0ee:1ae4:fbe1]:65466
t=2026-01-21T00:15:26+0530 lvl=info msg="join connections" obj=join id=b679eced53b7 l=[::1]:3000 r=[2402:8100:26e3:268f:e8fa:a0ee:1ae4:fbe1]:65466
t=2026-01-21T00:15:27+0530 lvl=info msg="join connections" obj=join id=d2ee1667f059 l=[::1]:3000 r=[2402:8100:26e3:268f:e8fa:a0ee:1ae4:fbe1]:65466
t=2026-01-21T00:15:28+0530 lvl=info msg="join connections" obj=join id=0e838c2fd13e l=[::1]:3000 r=[2402:8100:26e3:268f:e8fa:a0ee:1ae4:fbe1]:65466
t=2026-01-21T00:15:29+0530 lvl=info msg="join connections" obj=join id=87e149a302e4 l=[::1]:3000 r=[2402:8100:26e3:268f:e8fa:a0ee:1ae4:fbe1]:65466
t=2026-01-21T00:15:30+0530 lvl=info msg="join connections" obj=join id=8d51d3e85a7f l=[::1]:3000 r=[2402:8100:26e3:268f:e8fa:a0ee:1ae4:fbe1]:65466
t=2026-01-21T00:15:31+0530 lvl=info msg="join connections" obj=join id=4e75e33d51e4 l=[::1]:3000 r=[2402:8100:26e3:268f:e8fa:a0ee:1ae4:fbe1]:65466
t=2026-01-21T00:15:32+0530 lvl=info msg="join connections" obj=join id=151142616d4e l=[::1]:3000 r=[2402:8100:26e3:268f:e8fa:a0ee:1ae4:fbe1]:65466
t=2026-01-21T00:15:33+0530 lvl=info msg="join connections" obj=join id=d4afa82290e9 l=[::1]:3000 r=[2402:8100:26e3:268f:e8fa:a0ee:1ae4:fbe1]:65466
t=2026-01-21T00:15:34+0530 lvl=info msg="join connections" obj=join id=9545bb6c86d3 l=[::1]:3000 r=[2402:8100:26e3:268f:e8fa:a0ee:1ae4:fbe1]:65466
t=2026-01-21T00:15:35+0530 lvl=info msg="join connections" obj=join id=165e4fff29e0 l=[::1]:3000 r=[2402:8100:26e3:268f:e8fa:a0ee:1ae4:fbe1]:65466
t=2026-01-21T00:15:36+0530 lvl=info msg="join connections" obj=join id=7282345606cc l=[::1]:3000 r=[2402:8100:26e3:268f:e8fa:a0ee:1ae4:fbe1]:65466
t=2026-01-21T00:15:37+0530 lvl=info msg="join connections" obj=join id=110e6749f159 l=[::1]:3000 r=[2402:8100:26e3:268f:e8fa:a0ee:1ae4:fbe1]:65466
t=2026-01-21T00:15:38+0530 lvl=info msg="join connections" obj=join id=d39411e2823f l=[::1]:3000 r=[2402:8100:26e3:268f:e8fa:a0ee:1ae4:fbe1]:65466
t=2026-01-21T00:15:39+0530 lvl=info msg="join connections" obj=join id=6ce1c57cfb84 l=[::1]:3000 r=[2402:8100:26e3:268f:e8fa:a0ee:1ae4:fbe1]:65466
t=2026-01-21T00:15:40+0530 lvl=info msg="join connections" obj=join id=53b9e7afbca9 l=[::1]:3000 r=[2402:8100:26e3:268f:e8fa:a0ee:1ae4:fbe1]:65466
t=2026-01-21T00:15:43+0530 lvl=info msg="join connections" obj=join id=1b09e86c99b3 l=[::1]:3000 r=[2402:8100:26e3:268f:e8fa:a0ee:1ae4:fbe1]:65466
t=2026-01-21T00:15:50+0530 lvl=info msg="join connections" obj=join id=21f48dac7b63 l=[::1]:3000 r=[2402:8100:26e3:268f:e8fa:a0ee:1ae4:fbe1]:65466
t=2026-01-21T00:15:50+0530 lvl=info msg="join connections" obj=join id=dceb92605443 l=[::1]:3000 r=[2402:8100:26e3:268f:e8fa:a0ee:1ae4:fbe1]:65466
t=2026-01-21T00:15:53+0530 lvl=info msg="join connections" obj=join id=6d9539cfa71c l=[::1]:3000 r=[2402:8100:26e3:268f:e8fa:a0ee:1ae4:fbe1]:65466
t=2026-01-21T00:15:53+0530 lvl=info msg="join connections" obj=join id=81d0a2006d63 l=[::1]:3000 r=[2402:8100:26e3:268f:e8fa:a0ee:1ae4:fbe1]:65466
t=2026-01-21T00:15:56+0530 lvl=info msg="join connections" obj=join id=20e2f1443b15 l=[::1]:3000 r=[2402:8100:26e3:268f:e8fa:a0ee:1ae4:fbe1]:65466
t=2026-01-21T00:15:56+0530 lvl=info msg="join connections" obj=join id=26562b6ce6b2 l=[::1]:3000 r=[2402:8100:26e3:268f:e8fa:a0ee:1ae4:fbe1]:65466
t=2026-01-21T00:15:59+0530 lvl=info msg="join connections" obj=join id=13fc5fa221c3 l=[::1]:3000 r=[2402:8100:26e3:268f:e8fa:a0ee:1ae4:fbe1]:65466
t=2026-01-21T00:15:59+0530 lvl=info msg="join connections" obj=join id=9937c2db3e15 l=[::1]:3000 r=[2402:8100:26e3:268f:e8fa:a0ee:1ae4:fbe1]:65466
t=2026-01-21T00:16:13+0530 lvl=info msg="join connections" obj=join id=264baa9a5e0c l=[::1]:3000 r=[2402:8100:26e3:268f:e8fa:a0ee:1ae4:fbe1]:65466
t=2026-01-21T00:16:14+0530 lvl=info msg="join connections" obj=join id=6ccc43eda39b l=[::1]:3000 r=[2402:8100:26e3:268f:e8fa:a0ee:1ae4:fbe1]:65466
t=2026-01-21T00:16:14+0530 lvl=info msg="join connections" obj=join id=471db8c00f7b l=[::1]:3000 r=[2402:8100:26e3:268f:e8fa:a0ee:1ae4:fbe1]:65466
t=2026-01-21T00:16:14+0530 lvl=info msg="join connections" obj=join id=014c8558954f l=[::1]:3000 r=[2402:8100:26e3:268f:e8fa:a0ee:1ae4:fbe1]:65466
t=2026-01-21T00:16:14+0530 lvl=info msg="join connections" obj=join id=b7345f59cad5 l=[::1]:3000 r=[2402:8100:26e3:268f:e8fa:a0ee:1ae4:fbe1]:65466
t=2026-01-21T00:16:14+0530 lvl=info msg="join connections" obj=join id=e8c49889327d l=[::1]:3000 r=[2402:8100:26e3:268f:e8fa:a0ee:1ae4:fbe1]:65466
t=2026-01-21T00:16:14+0530 lvl=info msg="join connections" obj=join id=47c45d6d83f9 l=[::1]:3000 r=[2402:8100:26e3:268f:e8fa:a0ee:1ae4:fbe1]:65466
t=2026-01-21T00:16:14+0530 lvl=info msg="join connections" obj=join id=06d0807d6a7b l=[::1]:3000 r=[2402:8100:26e3:268f:e8fa:a0ee:1ae4:fbe1]:65466
t=2026-01-21T00:16:14+0530 lvl=info msg="join connections" obj=join id=b59420785594 l=[::1]:3000 r=[2402:8100:26e3:268f:e8fa:a0ee:1ae4:fbe1]:65466
t=2026-01-21T00:16:14+0530 lvl=info msg="join connections" obj=join id=79924a39154c l=[::1]:3000 r=[2402:8100:26e3:268f:e8fa:a0ee:1ae4:fbe1]:65466
t=2026-01-21T00:16:14+0530 lvl=info msg="join connections" obj=join id=792df24143f6 l=[::1]:3000 r=[2402:8100:26e3:268f:e8fa:a0ee:1ae4:fbe1]:65466
t=2026-01-21T00:16:14+0530 lvl=info msg="join connections" obj=join id=6c96bdf6297d l=[::1]:3000 r=[2402:8100:26e3:268f:e8fa:a0ee:1ae4:fbe1]:65466
t=2026-01-21T00:16:14+0530 lvl=info msg="join connections" obj=join id=5a21493b5933 l=[::1]:3000 r=[2402:8100:26e3:268f:e8fa:a0ee:1ae4:fbe1]:65466
t=2026-01-21T00:16:14+0530 lvl=info msg="join connections" obj=join id=907aece000f2 l=[::1]:3000 r=[2402:8100:26e3:268f:e8fa:a0ee:1ae4:fbe1]:65466
t=2026-01-21T00:16:14+0530 lvl=info msg="join connections" obj=join id=8d44f05f22af l=[::1]:3000 r=[2402:8100:26e3:268f:e8fa:a0ee:1ae4:fbe1]:65466
t=2026-01-21T00:16:14+0530 lvl=info msg="join connections" obj=join id=c3fc32e5b662 l=[::1]:3000 r=[2402:8100:26e3:268f:e8fa:a0ee:1ae4:fbe1]:65466
t=2026-01-21T00:16:14+0530 lvl=info msg="join connections" obj=join id=0949b0e7afcc l=[::1]:3000 r=[2402:8100:26e3:268f:e8fa:a0ee:1ae4:fbe1]:65466
t=2026-01-21T00:16:14+0530 lvl=info msg="join connections" obj=join id=64e6de9292ae l=[::1]:3000 r=[2402:8100:26e3:268f:e8fa:a0ee:1ae4:fbe1]:65466
t=2026-01-21T00:16:14+0530 lvl=info msg="join connections" obj=join id=dcb010104c7c l=[::1]:3000 r=[2402:8100:26e3:268f:e8fa:a0ee:1ae4:fbe1]:65466
t=2026-01-21T00:16:14+0530 lvl=info msg="join connections" obj=join id=9bf0a5692f88 l=[::1]:3000 r=[2402:8100:26e3:268f:e8fa:a0ee:1ae4:fbe1]:65466
t=2026-01-21T00:16:14+0530 lvl=info msg="join connections" obj=join id=cf4b4e92c3f2 l=[::1]:3000 r=[2402:8100:26e3:268f:e8fa:a0ee:1ae4:fbe1]:65466
t=2026-01-21T00:16:16+0530 lvl=info msg="join connections" obj=join id=4331efbb08e0 l=[::1]:3000 r=[2402:8100:26e3:268f:e8fa:a0ee:1ae4:fbe1]:60216
t=2026-01-21T00:16:23+0530 lvl=info msg="join connections" obj=join id=f324ab7502be l=[::1]:3000 r=[2402:8100:26e3:268f:e8fa:a0ee:1ae4:fbe1]:65466
t=2026-01-21T00:16:41+0530 lvl=info msg="join connections" obj=join id=91f15f97e731 l=[::1]:3000 r=[2402:8100:26e3:268f:e8fa:a0ee:1ae4:fbe1]:65466
t=2026-01-21T00:16:45+0530 lvl=info msg="join connections" obj=join id=dc066ded8576 l=[::1]:3000 r=[2402:8100:26e3:268f:e8fa:a0ee:1ae4:fbe1]:65466
t=2026-01-21T00:17:16+0530 lvl=info msg="join connections" obj=join id=360b0f2bcc28 l=[::1]:3000 r=[2405:201:3039:b043:2447:8c5c:abd6:4074]:55194
t=2026-01-21T00:17:16+0530 lvl=info msg="join connections" obj=join id=9b8995eb2e9f l=[::1]:3000 r=[2405:201:3039:b043:2447:8c5c:abd6:4074]:55194
t=2026-01-21T00:17:16+0530 lvl=info msg="join connections" obj=join id=2aa142d85bec l=[::1]:3000 r=[2405:201:3039:b043:2447:8c5c:abd6:4074]:55194
t=2026-01-21T00:17:16+0530 lvl=info msg="join connections" obj=join id=c0d7cf85a695 l=[::1]:3000 r=[2405:201:3039:b043:2447:8c5c:abd6:4074]:55194
t=2026-01-21T00:17:16+0530 lvl=info msg="join connections" obj=join id=8d3a0e6db1f3 l=[::1]:3000 r=[2405:201:3039:b043:2447:8c5c:abd6:4074]:55194
t=2026-01-21T00:17:16+0530 lvl=info msg="join connections" obj=join id=408825777b16 l=[::1]:3000 r=[2405:201:3039:b043:2447:8c5c:abd6:4074]:55194
t=2026-01-21T00:17:16+0530 lvl=info msg="join connections" obj=join id=f6a9c37f088d l=[::1]:3000 r=[2405:201:3039:b043:2447:8c5c:abd6:4074]:55194
t=2026-01-21T00:17:16+0530 lvl=info msg="join connections" obj=join id=8c33d52eef53 l=[::1]:3000 r=[2405:201:3039:b043:2447:8c5c:abd6:4074]:55194
t=2026-01-21T00:17:16+0530 lvl=info msg="join connections" obj=join id=7e7b25fca657 l=[::1]:3000 r=[2405:201:3039:b043:2447:8c5c:abd6:4074]:55194
t=2026-01-21T00:17:16+0530 lvl=info msg="join connections" obj=join id=5773179dcf02 l=[::1]:3000 r=[2405:201:3039:b043:2447:8c5c:abd6:4074]:55194
t=2026-01-21T00:17:16+0530 lvl=info msg="join connections" obj=join id=b5f6fc76afb1 l=[::1]:3000 r=[2405:201:3039:b043:2447:8c5c:abd6:4074]:55194
t=2026-01-21T00:17:16+0530 lvl=info msg="join connections" obj=join id=6e9e5ec09906 l=[::1]:3000 r=[2405:201:3039:b043:2447:8c5c:abd6:4074]:55194
t=2026-01-21T00:17:16+0530 lvl=info msg="join connections" obj=join id=e4fb19a058e9 l=[::1]:3000 r=[2405:201:3039:b043:2447:8c5c:abd6:4074]:55194
t=2026-01-21T00:17:16+0530 lvl=info msg="join connections" obj=join id=ec9f6ac80b39 l=[::1]:3000 r=[2405:201:3039:b043:2447:8c5c:abd6:4074]:55194
t=2026-01-21T00:17:16+0530 lvl=info msg="join connections" obj=join id=2756f558ccc1 l=[::1]:3000 r=[2405:201:3039:b043:2447:8c5c:abd6:4074]:55194
t=2026-01-21T00:17:16+0530 lvl=info msg="join connections" obj=join id=6d63a1d682aa l=[::1]:3000 r=[2405:201:3039:b043:2447:8c5c:abd6:4074]:55194
t=2026-01-21T00:17:16+0530 lvl=info msg="join connections" obj=join id=8ef4a63e92f3 l=[::1]:3000 r=[2405:201:3039:b043:2447:8c5c:abd6:4074]:55194
t=2026-01-21T00:17:16+0530 lvl=info msg="join connections" obj=join id=78b2c4adc495 l=[::1]:3000 r=[2405:201:3039:b043:2447:8c5c:abd6:4074]:55194
t=2026-01-21T00:17:16+0530 lvl=info msg="join connections" obj=join id=a5784900bc04 l=[::1]:3000 r=[2405:201:3039:b043:2447:8c5c:abd6:4074]:55194
t=2026-01-21T00:17:16+0530 lvl=info msg="join connections" obj=join id=bc05f24dd208 l=[::1]:3000 r=[2405:201:3039:b043:2447:8c5c:abd6:4074]:55194
t=2026-01-21T00:17:16+0530 lvl=info msg="join connections" obj=join id=f2b08c24692f l=[::1]:3000 r=[2405:201:3039:b043:2447:8c5c:abd6:4074]:55194
t=2026-01-21T00:17:18+0530 lvl=info msg="join connections" obj=join id=ce662d689e0b l=[::1]:3000 r=[2405:201:3039:b043:2447:8c5c:abd6:4074]:52054
t=2026-01-21T00:17:27+0530 lvl=info msg="join connections" obj=join id=88957e19e0ec l=[::1]:3000 r=[2402:8100:26e3:268f:e8fa:a0ee:1ae4:fbe1]:65466
t=2026-01-21T00:17:33+0530 lvl=info msg="join connections" obj=join id=423ac53282b3 l=[::1]:3000 r=[2402:8100:26e3:268f:e8fa:a0ee:1ae4:fbe1]:65466
t=2026-01-21T00:17:52+0530 lvl=info msg="join connections" obj=join id=daffbc88fed6 l=[::1]:3000 r=[2405:201:3039:b043:2447:8c5c:abd6:4074]:55194
t=2026-01-21T00:17:52+0530 lvl=info msg="join connections" obj=join id=49fc36ccd5a0 l=[::1]:3000 r=[2405:201:3039:b043:2447:8c5c:abd6:4074]:55194
t=2026-01-21T00:17:52+0530 lvl=info msg="join connections" obj=join id=47bfb9c6d60a l=[::1]:3000 r=[2405:201:3039:b043:2447:8c5c:abd6:4074]:55194
t=2026-01-21T00:17:52+0530 lvl=info msg="join connections" obj=join id=27c05bbb7aa3 l=[::1]:3000 r=[2405:201:3039:b043:2447:8c5c:abd6:4074]:55194
t=2026-01-21T00:17:52+0530 lvl=info msg="join connections" obj=join id=538bdea3a973 l=[::1]:3000 r=[2405:201:3039:b043:2447:8c5c:abd6:4074]:55194
t=2026-01-21T00:17:52+0530 lvl=info msg="join connections" obj=join id=94e9eee9c99f l=[::1]:3000 r=[2405:201:3039:b043:2447:8c5c:abd6:4074]:55194
t=2026-01-21T00:17:52+0530 lvl=info msg="join connections" obj=join id=bf30768b733a l=[::1]:3000 r=[2405:201:3039:b043:2447:8c5c:abd6:4074]:55194
t=2026-01-21T00:17:52+0530 lvl=info msg="join connections" obj=join id=54d0aca24301 l=[::1]:3000 r=[2405:201:3039:b043:2447:8c5c:abd6:4074]:55194
t=2026-01-21T00:17:52+0530 lvl=info msg="join connections" obj=join id=ade3636d42b0 l=[::1]:3000 r=[2405:201:3039:b043:2447:8c5c:abd6:4074]:55194
t=2026-01-21T00:17:52+0530 lvl=info msg="join connections" obj=join id=8ae4f84edc8a l=[::1]:3000 r=[2405:201:3039:b043:2447:8c5c:abd6:4074]:55194
t=2026-01-21T00:17:52+0530 lvl=info msg="join connections" obj=join id=24afab2b9fa8 l=[::1]:3000 r=[2405:201:3039:b043:2447:8c5c:abd6:4074]:55194
t=2026-01-21T00:17:52+0530 lvl=info msg="join connections" obj=join id=bbda45f67730 l=[::1]:3000 r=[2405:201:3039:b043:2447:8c5c:abd6:4074]:55194
t=2026-01-21T00:17:52+0530 lvl=info msg="join connections" obj=join id=898c7ded2f24 l=[::1]:3000 r=[2405:201:3039:b043:2447:8c5c:abd6:4074]:55194
t=2026-01-21T00:17:52+0530 lvl=info msg="join connections" obj=join id=93813c535b35 l=[::1]:3000 r=[2405:201:3039:b043:2447:8c5c:abd6:4074]:55194
t=2026-01-21T00:17:52+0530 lvl=info msg="join connections" obj=join id=7ac418f2d6b6 l=[::1]:3000 r=[2405:201:3039:b043:2447:8c5c:abd6:4074]:55194
t=2026-01-21T00:17:52+0530 lvl=info msg="join connections" obj=join id=826c0e065895 l=[::1]:3000 r=[2405:201:3039:b043:2447:8c5c:abd6:4074]:55194
t=2026-01-21T00:17:52+0530 lvl=info msg="join connections" obj=join id=9f816ca8a2a9 l=[::1]:3000 r=[2405:201:3039:b043:2447:8c5c:abd6:4074]:55194
t=2026-01-21T00:17:52+0530 lvl=info msg="join connections" obj=join id=5432b877ceb4 l=[::1]:3000 r=[2405:201:3039:b043:2447:8c5c:abd6:4074]:55194
t=2026-01-21T00:17:52+0530 lvl=info msg="join connections" obj=join id=2f8c5f97e387 l=[::1]:3000 r=[2405:201:3039:b043:2447:8c5c:abd6:4074]:55194
t=2026-01-21T00:17:52+0530 lvl=info msg="join connections" obj=join id=de17e9d715e6 l=[::1]:3000 r=[2405:201:3039:b043:2447:8c5c:abd6:4074]:55194
t=2026-01-21T00:17:52+0530 lvl=info msg="join connections" obj=join id=8b26715b6a88 l=[::1]:3000 r=[2405:201:3039:b043:2447:8c5c:abd6:4074]:55194
t=2026-01-21T00:17:53+0530 lvl=info msg="join connections" obj=join id=b91266498132 l=[::1]:3000 r=[2405:201:3039:b043:2447:8c5c:abd6:4074]:56902
t=2026-01-21T00:18:05+0530 lvl=info msg="join connections" obj=join id=5cb7eef3c6b2 l=[::1]:3000 r=[2405:201:3039:b043:2447:8c5c:abd6:4074]:55194
t=2026-01-21T00:18:11+0530 lvl=info msg="join connections" obj=join id=9c1ba1277204 l=[::1]:3000 r=[2405:201:3039:b043:2447:8c5c:abd6:4074]:55194
t=2026-01-21T00:18:13+0530 lvl=info msg="join connections" obj=join id=a559fcfc0887 l=[::1]:3000 r=[2405:201:3039:b043:2447:8c5c:abd6:4074]:55194
t=2026-01-21T00:18:15+0530 lvl=info msg="join connections" obj=join id=bbc9569b4be1 l=[::1]:3000 r=[2402:8100:26e3:268f:e8fa:a0ee:1ae4:fbe1]:65466
t=2026-01-21T00:18:17+0530 lvl=info msg="join connections" obj=join id=af7e1d2116df l=[::1]:3000 r=[2405:201:3039:b043:2447:8c5c:abd6:4074]:55194
t=2026-01-21T00:18:23+0530 lvl=info msg="join connections" obj=join id=800c447c03d3 l=[::1]:3000 r=[2402:8100:26e3:268f:e8fa:a0ee:1ae4:fbe1]:65466
t=2026-01-21T00:18:33+0530 lvl=info msg="join connections" obj=join id=79e069bae0f1 l=[::1]:3000 r=[2405:201:3039:b043:2447:8c5c:abd6:4074]:55194
t=2026-01-21T00:18:41+0530 lvl=info msg="join connections" obj=join id=d944edd91514 l=[::1]:3000 r=[2405:201:3039:b043:2447:8c5c:abd6:4074]:55194
t=2026-01-21T00:18:43+0530 lvl=info msg="join connections" obj=join id=fa297caa6a97 l=[::1]:3000 r=[2405:201:3039:b043:2447:8c5c:abd6:4074]:55194
t=2026-01-21T00:18:48+0530 lvl=info msg="join connections" obj=join id=ea3ce3fb4ecb l=[::1]:3000 r=[2405:201:3039:b043:2447:8c5c:abd6:4074]:55194
t=2026-01-21T00:18:49+0530 lvl=info msg="join connections" obj=join id=29be2dfb2cfe l=[::1]:3000 r=[2402:8100:26e3:268f:e8fa:a0ee:1ae4:fbe1]:65466
t=2026-01-21T00:18:56+0530 lvl=info msg="join connections" obj=join id=cc926df4760b l=[::1]:3000 r=[2402:8100:26e3:268f:e8fa:a0ee:1ae4:fbe1]:65466
t=2026-01-21T00:19:10+0530 lvl=info msg="join connections" obj=join id=b0e5b73596bd l=[::1]:3000 r=[2402:8100:26e3:268f:e8fa:a0ee:1ae4:fbe1]:65466
t=2026-01-21T00:19:17+0530 lvl=info msg="join connections" obj=join id=e2a607e027b1 l=[::1]:3000 r=[2402:8100:26e3:268f:e8fa:a0ee:1ae4:fbe1]:65466
t=2026-01-21T00:19:21+0530 lvl=info msg="join connections" obj=join id=74942ba1918c l=[::1]:3000 r=[2405:201:3039:b043:2447:8c5c:abd6:4074]:55194
t=2026-01-21T00:19:26+0530 lvl=info msg="join connections" obj=join id=99bb5baf2f84 l=[::1]:3000 r=[2405:201:3039:b043:2447:8c5c:abd6:4074]:55194
t=2026-01-21T00:20:41+0530 lvl=info msg="join connections" obj=join id=ea7fcfbb21ea l=[::1]:3000 r=[2402:8100:26e3:268f:e8fa:a0ee:1ae4:fbe1]:65466
t=2026-01-21T00:29:15+0530 lvl=info msg="join connections" obj=join id=0d69281c38be l=[::1]:3000 r=[2402:8100:26e3:268f:e8fa:a0ee:1ae4:fbe1]:60406
t=2026-01-21T00:29:15+0530 lvl=info msg="join connections" obj=join id=53d4be7aa330 l=[::1]:3000 r=[2402:8100:26e3:268f:e8fa:a0ee:1ae4:fbe1]:60406
t=2026-01-21T00:29:15+0530 lvl=info msg="join connections" obj=join id=31f7dd2456a2 l=[::1]:3000 r=[2402:8100:26e3:268f:e8fa:a0ee:1ae4:fbe1]:60406
t=2026-01-21T00:29:15+0530 lvl=info msg="join connections" obj=join id=e07f8771f246 l=[::1]:3000 r=[2402:8100:26e3:268f:e8fa:a0ee:1ae4:fbe1]:60406
t=2026-01-21T00:29:15+0530 lvl=info msg="join connections" obj=join id=274af7af4d0b l=[::1]:3000 r=[2402:8100:26e3:268f:e8fa:a0ee:1ae4:fbe1]:60406
t=2026-01-21T00:29:15+0530 lvl=info msg="join connections" obj=join id=69aff530d868 l=[::1]:3000 r=[2402:8100:26e3:268f:e8fa:a0ee:1ae4:fbe1]:60406
t=2026-01-21T00:29:15+0530 lvl=info msg="join connections" obj=join id=634b3716db43 l=[::1]:3000 r=[2402:8100:26e3:268f:e8fa:a0ee:1ae4:fbe1]:60406
t=2026-01-21T00:29:15+0530 lvl=info msg="join connections" obj=join id=061e03314dfd l=[::1]:3000 r=[2402:8100:26e3:268f:e8fa:a0ee:1ae4:fbe1]:60406
t=2026-01-21T00:29:15+0530 lvl=info msg="join connections" obj=join id=cf5f6a9931d7 l=[::1]:3000 r=[2402:8100:26e3:268f:e8fa:a0ee:1ae4:fbe1]:60406
t=2026-01-21T00:29:15+0530 lvl=info msg="join connections" obj=join id=c877d33b7fb4 l=[::1]:3000 r=[2402:8100:26e3:268f:e8fa:a0ee:1ae4:fbe1]:60406
t=2026-01-21T00:29:15+0530 lvl=info msg="join connections" obj=join id=9e71f87d0a8a l=[::1]:3000 r=[2402:8100:26e3:268f:e8fa:a0ee:1ae4:fbe1]:60406
t=2026-01-21T00:29:15+0530 lvl=info msg="join connections" obj=join id=25e1694d0722 l=[::1]:3000 r=[2402:8100:26e3:268f:e8fa:a0ee:1ae4:fbe1]:60406
t=2026-01-21T00:29:15+0530 lvl=info msg="join connections" obj=join id=80ff0e23f2e5 l=[::1]:3000 r=[2402:8100:26e3:268f:e8fa:a0ee:1ae4:fbe1]:60406
t=2026-01-21T00:29:15+0530 lvl=info msg="join connections" obj=join id=43596bd17a93 l=[::1]:3000 r=[2402:8100:26e3:268f:e8fa:a0ee:1ae4:fbe1]:60406
t=2026-01-21T00:29:15+0530 lvl=info msg="join connections" obj=join id=66f981c8e25f l=[::1]:3000 r=[2402:8100:26e3:268f:e8fa:a0ee:1ae4:fbe1]:60406
t=2026-01-21T00:29:15+0530 lvl=info msg="join connections" obj=join id=c8dfd314dda3 l=[::1]:3000 r=[2402:8100:26e3:268f:e8fa:a0ee:1ae4:fbe1]:60406
t=2026-01-21T00:29:15+0530 lvl=info msg="join connections" obj=join id=ee1a4d9725d9 l=[::1]:3000 r=[2402:8100:26e3:268f:e8fa:a0ee:1ae4:fbe1]:60406
t=2026-01-21T00:29:15+0530 lvl=info msg="join connections" obj=join id=5c231aa2f4b0 l=[::1]:3000 r=[2402:8100:26e3:268f:e8fa:a0ee:1ae4:fbe1]:60406
t=2026-01-21T00:29:15+0530 lvl=info msg="join connections" obj=join id=4dc0fd804d9c l=[::1]:3000 r=[2402:8100:26e3:268f:e8fa:a0ee:1ae4:fbe1]:60406
t=2026-01-21T00:29:15+0530 lvl=info msg="join connections" obj=join id=b14510039643 l=[::1]:3000 r=[2402:8100:26e3:268f:e8fa:a0ee:1ae4:fbe1]:60406
t=2026-01-21T00:29:16+0530 lvl=info msg="join connections" obj=join id=07d2abeb74d9 l=[::1]:3000 r=[2402:8100:26e3:268f:e8fa:a0ee:1ae4:fbe1]:55144
